2026-01-28 22:39:30 | ERROR    | app.dependencies:get_redis_client:50 - Failed to connect to Redis: Error Multiple exceptions: [Errno 10061] Connect call failed ('::1', 6379, 0, 0), [Errno 10061] Connect call failed ('127.0.0.1', 6379) connecting to localhost:6379.
2026-01-28 22:39:30 | ERROR    | app.dependencies:get_redis_client:50 - Failed to connect to Redis: Error Multiple exceptions: [Errno 10061] Connect call failed ('::1', 6379, 0, 0), [Errno 10061] Connect call failed ('127.0.0.1', 6379) connecting to localhost:6379.
2026-01-28 22:39:30 | ERROR    | app.dependencies:init_redis:104 - Failed to initialize Redis: Error Multiple exceptions: [Errno 10061] Connect call failed ('::1', 6379, 0, 0), [Errno 10061] Connect call failed ('127.0.0.1', 6379) connecting to localhost:6379.
2026-01-28 22:39:30 | ERROR    | app.dependencies:init_redis:104 - Failed to initialize Redis: Error Multiple exceptions: [Errno 10061] Connect call failed ('::1', 6379, 0, 0), [Errno 10061] Connect call failed ('127.0.0.1', 6379) connecting to localhost:6379.
2026-01-28 22:54:59 | INFO     | app.dependencies:get_redis_client:47 - Redis client initialized successfully
2026-01-28 22:54:59 | INFO     | app.dependencies:get_redis_client:47 - Redis client initialized successfully
2026-01-28 22:54:59 | INFO     | app.dependencies:init_redis:102 - Redis connection initialized
2026-01-28 22:54:59 | INFO     | app.dependencies:init_redis:102 - Redis connection initialized
2026-01-28 22:54:59 | INFO     | app.tasks.scheduler:schedule_recurring_tasks:105 - Scheduled task: daily_aggregation (1:00 AM UTC daily)
2026-01-28 22:54:59 | INFO     | app.tasks.scheduler:schedule_recurring_tasks:105 - Scheduled task: daily_aggregation (1:00 AM UTC daily)
2026-01-28 22:54:59 | INFO     | app.tasks.scheduler:schedule_recurring_tasks:116 - Scheduled task: weekly_reports (0 9 * * MON)
2026-01-28 22:54:59 | INFO     | app.tasks.scheduler:schedule_recurring_tasks:116 - Scheduled task: weekly_reports (0 9 * * MON)
2026-01-28 22:54:59 | SUCCESS  | app.tasks.scheduler:start_scheduler:145 - Task scheduler started successfully
2026-01-28 22:54:59 | SUCCESS  | app.tasks.scheduler:start_scheduler:145 - Task scheduler started successfully
2026-01-28 22:54:59 | INFO     | app.tasks.scheduler:start_scheduler:146 - Scheduled jobs: 2
2026-01-28 22:54:59 | INFO     | app.tasks.scheduler:start_scheduler:146 - Scheduled jobs: 2
2026-01-28 22:54:59 | INFO     | app.tasks.scheduler:start_scheduler:150 -   - Daily Analytics Aggregation (ID: daily_aggregation)
2026-01-28 22:54:59 | INFO     | app.tasks.scheduler:start_scheduler:150 -   - Daily Analytics Aggregation (ID: daily_aggregation)
2026-01-28 22:54:59 | INFO     | app.tasks.scheduler:start_scheduler:150 -   - Weekly Group Reports (ID: weekly_reports)
2026-01-28 22:54:59 | INFO     | app.tasks.scheduler:start_scheduler:150 -   - Weekly Group Reports (ID: weekly_reports)
2026-01-28 22:54:59 | INFO     | main:lifespan:95 - Security Configuration:
  - Webhook validation: ENABLED
  - HTTPS enforcement: DISABLED (dev)
  - Rate limiting: ENABLED (nginx)
  - Failed attempt tracking: ENABLED
  - Max failed attempts: 10
  - Block duration: 15 minutes
2026-01-28 22:54:59 | INFO     | main:lifespan:95 - Security Configuration:
  - Webhook validation: ENABLED
  - HTTPS enforcement: DISABLED (dev)
  - Rate limiting: ENABLED (nginx)
  - Failed attempt tracking: ENABLED
  - Max failed attempts: 10
  - Block duration: 15 minutes
2026-01-28 23:08:08 | INFO     | app.tasks.scheduler:stop_scheduler:176 - Task scheduler stopped successfully
2026-01-28 23:08:08 | INFO     | app.tasks.scheduler:stop_scheduler:176 - Task scheduler stopped successfully
2026-01-28 23:08:08 | INFO     | app.dependencies:close_redis:126 - Redis connections closed
2026-01-28 23:08:08 | INFO     | app.dependencies:close_redis:126 - Redis connections closed
2026-01-28 23:08:24 | INFO     | app.dependencies:get_redis_client:47 - Redis client initialized successfully
2026-01-28 23:08:24 | INFO     | app.dependencies:get_redis_client:47 - Redis client initialized successfully
2026-01-28 23:08:24 | INFO     | app.dependencies:init_redis:102 - Redis connection initialized
2026-01-28 23:08:24 | INFO     | app.dependencies:init_redis:102 - Redis connection initialized
2026-01-28 23:08:24 | INFO     | app.tasks.scheduler:schedule_recurring_tasks:105 - Scheduled task: daily_aggregation (1:00 AM UTC daily)
2026-01-28 23:08:24 | INFO     | app.tasks.scheduler:schedule_recurring_tasks:105 - Scheduled task: daily_aggregation (1:00 AM UTC daily)
2026-01-28 23:08:24 | INFO     | app.tasks.scheduler:schedule_recurring_tasks:116 - Scheduled task: weekly_reports (0 9 * * MON)
2026-01-28 23:08:24 | INFO     | app.tasks.scheduler:schedule_recurring_tasks:116 - Scheduled task: weekly_reports (0 9 * * MON)
2026-01-28 23:08:24 | SUCCESS  | app.tasks.scheduler:start_scheduler:145 - Task scheduler started successfully
2026-01-28 23:08:24 | SUCCESS  | app.tasks.scheduler:start_scheduler:145 - Task scheduler started successfully
2026-01-28 23:08:24 | INFO     | app.tasks.scheduler:start_scheduler:146 - Scheduled jobs: 2
2026-01-28 23:08:24 | INFO     | app.tasks.scheduler:start_scheduler:146 - Scheduled jobs: 2
2026-01-28 23:08:24 | INFO     | app.tasks.scheduler:start_scheduler:150 -   - Daily Analytics Aggregation (ID: daily_aggregation)
2026-01-28 23:08:24 | INFO     | app.tasks.scheduler:start_scheduler:150 -   - Daily Analytics Aggregation (ID: daily_aggregation)
2026-01-28 23:08:24 | INFO     | app.tasks.scheduler:start_scheduler:150 -   - Weekly Group Reports (ID: weekly_reports)
2026-01-28 23:08:24 | INFO     | app.tasks.scheduler:start_scheduler:150 -   - Weekly Group Reports (ID: weekly_reports)
2026-01-28 23:08:24 | INFO     | main:lifespan:95 - Security Configuration:
  - Webhook validation: ENABLED
  - HTTPS enforcement: DISABLED (dev)
  - Rate limiting: ENABLED (nginx)
  - Failed attempt tracking: ENABLED
  - Max failed attempts: 10
  - Block duration: 15 minutes
2026-01-28 23:08:24 | INFO     | main:lifespan:95 - Security Configuration:
  - Webhook validation: ENABLED
  - HTTPS enforcement: DISABLED (dev)
  - Rate limiting: ENABLED (nginx)
  - Failed attempt tracking: ENABLED
  - Max failed attempts: 10
  - Block duration: 15 minutes
2026-01-28 23:12:33 | INFO     | app.tasks.scheduler:stop_scheduler:176 - Task scheduler stopped successfully
2026-01-28 23:12:33 | INFO     | app.tasks.scheduler:stop_scheduler:176 - Task scheduler stopped successfully
2026-01-28 23:12:33 | INFO     | app.dependencies:close_redis:126 - Redis connections closed
2026-01-28 23:12:33 | INFO     | app.dependencies:close_redis:126 - Redis connections closed
2026-01-28 23:17:10 | INFO     | app.dependencies:get_redis_client:47 - Redis client initialized successfully
2026-01-28 23:17:10 | INFO     | app.dependencies:get_redis_client:47 - Redis client initialized successfully
2026-01-28 23:17:10 | INFO     | app.dependencies:init_redis:102 - Redis connection initialized
2026-01-28 23:17:10 | INFO     | app.dependencies:init_redis:102 - Redis connection initialized
2026-01-28 23:17:10 | INFO     | app.tasks.scheduler:schedule_recurring_tasks:105 - Scheduled task: daily_aggregation (1:00 AM UTC daily)
2026-01-28 23:17:10 | INFO     | app.tasks.scheduler:schedule_recurring_tasks:105 - Scheduled task: daily_aggregation (1:00 AM UTC daily)
2026-01-28 23:17:10 | INFO     | app.tasks.scheduler:schedule_recurring_tasks:116 - Scheduled task: weekly_reports (0 9 * * MON)
2026-01-28 23:17:10 | INFO     | app.tasks.scheduler:schedule_recurring_tasks:116 - Scheduled task: weekly_reports (0 9 * * MON)
2026-01-28 23:17:10 | SUCCESS  | app.tasks.scheduler:start_scheduler:145 - Task scheduler started successfully
2026-01-28 23:17:10 | SUCCESS  | app.tasks.scheduler:start_scheduler:145 - Task scheduler started successfully
2026-01-28 23:17:10 | INFO     | app.tasks.scheduler:start_scheduler:146 - Scheduled jobs: 2
2026-01-28 23:17:10 | INFO     | app.tasks.scheduler:start_scheduler:146 - Scheduled jobs: 2
2026-01-28 23:17:10 | INFO     | app.tasks.scheduler:start_scheduler:150 -   - Daily Analytics Aggregation (ID: daily_aggregation)
2026-01-28 23:17:10 | INFO     | app.tasks.scheduler:start_scheduler:150 -   - Daily Analytics Aggregation (ID: daily_aggregation)
2026-01-28 23:17:10 | INFO     | app.tasks.scheduler:start_scheduler:150 -   - Weekly Group Reports (ID: weekly_reports)
2026-01-28 23:17:10 | INFO     | app.tasks.scheduler:start_scheduler:150 -   - Weekly Group Reports (ID: weekly_reports)
2026-01-28 23:17:10 | INFO     | main:lifespan:88 - Security Configuration:
  - Webhook validation: ENABLED
  - HTTPS enforcement: DISABLED (dev)
  - Rate limiting: ENABLED (nginx)
  - Failed attempt tracking: ENABLED
  - Max failed attempts: 10
  - Block duration: 15 minutes
2026-01-28 23:17:10 | INFO     | main:lifespan:88 - Security Configuration:
  - Webhook validation: ENABLED
  - HTTPS enforcement: DISABLED (dev)
  - Rate limiting: ENABLED (nginx)
  - Failed attempt tracking: ENABLED
  - Max failed attempts: 10
  - Block duration: 15 minutes
2026-01-28 23:20:32 | INFO     | app.tasks.scheduler:stop_scheduler:176 - Task scheduler stopped successfully
2026-01-28 23:20:32 | INFO     | app.tasks.scheduler:stop_scheduler:176 - Task scheduler stopped successfully
2026-01-28 23:20:32 | INFO     | app.dependencies:close_redis:126 - Redis connections closed
2026-01-28 23:20:32 | INFO     | app.dependencies:close_redis:126 - Redis connections closed
2026-01-28 23:20:52 | INFO     | app.dependencies:get_redis_client:47 - Redis client initialized successfully
2026-01-28 23:20:52 | INFO     | app.dependencies:get_redis_client:47 - Redis client initialized successfully
2026-01-28 23:20:52 | INFO     | app.dependencies:init_redis:102 - Redis connection initialized
2026-01-28 23:20:52 | INFO     | app.dependencies:init_redis:102 - Redis connection initialized
2026-01-28 23:20:52 | INFO     | app.tasks.scheduler:schedule_recurring_tasks:105 - Scheduled task: daily_aggregation (1:00 AM UTC daily)
2026-01-28 23:20:52 | INFO     | app.tasks.scheduler:schedule_recurring_tasks:105 - Scheduled task: daily_aggregation (1:00 AM UTC daily)
2026-01-28 23:20:52 | INFO     | app.tasks.scheduler:schedule_recurring_tasks:116 - Scheduled task: weekly_reports (0 9 * * MON)
2026-01-28 23:20:52 | INFO     | app.tasks.scheduler:schedule_recurring_tasks:116 - Scheduled task: weekly_reports (0 9 * * MON)
2026-01-28 23:20:52 | SUCCESS  | app.tasks.scheduler:start_scheduler:145 - Task scheduler started successfully
2026-01-28 23:20:52 | SUCCESS  | app.tasks.scheduler:start_scheduler:145 - Task scheduler started successfully
2026-01-28 23:20:52 | INFO     | app.tasks.scheduler:start_scheduler:146 - Scheduled jobs: 2
2026-01-28 23:20:52 | INFO     | app.tasks.scheduler:start_scheduler:146 - Scheduled jobs: 2
2026-01-28 23:20:52 | INFO     | app.tasks.scheduler:start_scheduler:150 -   - Daily Analytics Aggregation (ID: daily_aggregation)
2026-01-28 23:20:52 | INFO     | app.tasks.scheduler:start_scheduler:150 -   - Daily Analytics Aggregation (ID: daily_aggregation)
2026-01-28 23:20:52 | INFO     | app.tasks.scheduler:start_scheduler:150 -   - Weekly Group Reports (ID: weekly_reports)
2026-01-28 23:20:52 | INFO     | app.tasks.scheduler:start_scheduler:150 -   - Weekly Group Reports (ID: weekly_reports)
2026-01-28 23:20:52 | INFO     | main:lifespan:88 - Security Configuration:
  - Webhook validation: ENABLED
  - HTTPS enforcement: DISABLED (dev)
  - Rate limiting: ENABLED (nginx)
  - Failed attempt tracking: ENABLED
  - Max failed attempts: 10
  - Block duration: 15 minutes
2026-01-28 23:20:52 | INFO     | main:lifespan:88 - Security Configuration:
  - Webhook validation: ENABLED
  - HTTPS enforcement: DISABLED (dev)
  - Rate limiting: ENABLED (nginx)
  - Failed attempt tracking: ENABLED
  - Max failed attempts: 10
  - Block duration: 15 minutes
2026-01-28 23:20:52 | INFO     | app.tasks.scheduler:stop_scheduler:176 - Task scheduler stopped successfully
2026-01-28 23:20:52 | INFO     | app.tasks.scheduler:stop_scheduler:176 - Task scheduler stopped successfully
2026-01-28 23:20:52 | INFO     | app.dependencies:close_redis:126 - Redis connections closed
2026-01-28 23:20:52 | INFO     | app.dependencies:close_redis:126 - Redis connections closed
2026-01-28 23:21:06 | INFO     | app.dependencies:get_redis_client:47 - Redis client initialized successfully
2026-01-28 23:21:06 | INFO     | app.dependencies:get_redis_client:47 - Redis client initialized successfully
2026-01-28 23:21:06 | INFO     | app.dependencies:init_redis:102 - Redis connection initialized
2026-01-28 23:21:06 | INFO     | app.dependencies:init_redis:102 - Redis connection initialized
2026-01-28 23:21:07 | INFO     | app.tasks.scheduler:schedule_recurring_tasks:105 - Scheduled task: daily_aggregation (1:00 AM UTC daily)
2026-01-28 23:21:07 | INFO     | app.tasks.scheduler:schedule_recurring_tasks:105 - Scheduled task: daily_aggregation (1:00 AM UTC daily)
2026-01-28 23:21:07 | INFO     | app.tasks.scheduler:schedule_recurring_tasks:116 - Scheduled task: weekly_reports (0 9 * * MON)
2026-01-28 23:21:07 | INFO     | app.tasks.scheduler:schedule_recurring_tasks:116 - Scheduled task: weekly_reports (0 9 * * MON)
2026-01-28 23:21:07 | SUCCESS  | app.tasks.scheduler:start_scheduler:145 - Task scheduler started successfully
2026-01-28 23:21:07 | SUCCESS  | app.tasks.scheduler:start_scheduler:145 - Task scheduler started successfully
2026-01-28 23:21:07 | INFO     | app.tasks.scheduler:start_scheduler:146 - Scheduled jobs: 2
2026-01-28 23:21:07 | INFO     | app.tasks.scheduler:start_scheduler:146 - Scheduled jobs: 2
2026-01-28 23:21:07 | INFO     | app.tasks.scheduler:start_scheduler:150 -   - Daily Analytics Aggregation (ID: daily_aggregation)
2026-01-28 23:21:07 | INFO     | app.tasks.scheduler:start_scheduler:150 -   - Daily Analytics Aggregation (ID: daily_aggregation)
2026-01-28 23:21:07 | INFO     | app.tasks.scheduler:start_scheduler:150 -   - Weekly Group Reports (ID: weekly_reports)
2026-01-28 23:21:07 | INFO     | app.tasks.scheduler:start_scheduler:150 -   - Weekly Group Reports (ID: weekly_reports)
2026-01-28 23:21:07 | INFO     | main:lifespan:88 - Security Configuration:
  - Webhook validation: ENABLED
  - HTTPS enforcement: DISABLED (dev)
  - Rate limiting: ENABLED (nginx)
  - Failed attempt tracking: ENABLED
  - Max failed attempts: 10
  - Block duration: 15 minutes
2026-01-28 23:21:07 | INFO     | main:lifespan:88 - Security Configuration:
  - Webhook validation: ENABLED
  - HTTPS enforcement: DISABLED (dev)
  - Rate limiting: ENABLED (nginx)
  - Failed attempt tracking: ENABLED
  - Max failed attempts: 10
  - Block duration: 15 minutes
2026-01-28 23:23:06 | INFO     | app.tasks.scheduler:stop_scheduler:176 - Task scheduler stopped successfully
2026-01-28 23:23:06 | INFO     | app.tasks.scheduler:stop_scheduler:176 - Task scheduler stopped successfully
2026-01-28 23:23:06 | INFO     | app.dependencies:close_redis:126 - Redis connections closed
2026-01-28 23:23:06 | INFO     | app.dependencies:close_redis:126 - Redis connections closed
2026-01-28 23:24:53 | INFO     | app.dependencies:get_redis_client:47 - Redis client initialized successfully
2026-01-28 23:24:53 | INFO     | app.dependencies:get_redis_client:47 - Redis client initialized successfully
2026-01-28 23:24:53 | INFO     | app.dependencies:init_redis:102 - Redis connection initialized
2026-01-28 23:24:53 | INFO     | app.dependencies:init_redis:102 - Redis connection initialized
2026-01-28 23:24:53 | INFO     | app.tasks.scheduler:schedule_recurring_tasks:105 - Scheduled task: daily_aggregation (1:00 AM UTC daily)
2026-01-28 23:24:53 | INFO     | app.tasks.scheduler:schedule_recurring_tasks:105 - Scheduled task: daily_aggregation (1:00 AM UTC daily)
2026-01-28 23:24:53 | INFO     | app.tasks.scheduler:schedule_recurring_tasks:116 - Scheduled task: weekly_reports (0 9 * * MON)
2026-01-28 23:24:53 | INFO     | app.tasks.scheduler:schedule_recurring_tasks:116 - Scheduled task: weekly_reports (0 9 * * MON)
2026-01-28 23:24:53 | SUCCESS  | app.tasks.scheduler:start_scheduler:145 - Task scheduler started successfully
2026-01-28 23:24:53 | SUCCESS  | app.tasks.scheduler:start_scheduler:145 - Task scheduler started successfully
2026-01-28 23:24:53 | INFO     | app.tasks.scheduler:start_scheduler:146 - Scheduled jobs: 2
2026-01-28 23:24:53 | INFO     | app.tasks.scheduler:start_scheduler:146 - Scheduled jobs: 2
2026-01-28 23:24:53 | INFO     | app.tasks.scheduler:start_scheduler:150 -   - Daily Analytics Aggregation (ID: daily_aggregation)
2026-01-28 23:24:53 | INFO     | app.tasks.scheduler:start_scheduler:150 -   - Daily Analytics Aggregation (ID: daily_aggregation)
2026-01-28 23:24:53 | INFO     | app.tasks.scheduler:start_scheduler:150 -   - Weekly Group Reports (ID: weekly_reports)
2026-01-28 23:24:53 | INFO     | app.tasks.scheduler:start_scheduler:150 -   - Weekly Group Reports (ID: weekly_reports)
2026-01-28 23:24:53 | INFO     | main:lifespan:88 - Security Configuration:
  - Webhook validation: ENABLED
  - HTTPS enforcement: DISABLED (dev)
  - Rate limiting: ENABLED (nginx)
  - Failed attempt tracking: ENABLED
  - Max failed attempts: 10
  - Block duration: 15 minutes
2026-01-28 23:24:53 | INFO     | main:lifespan:88 - Security Configuration:
  - Webhook validation: ENABLED
  - HTTPS enforcement: DISABLED (dev)
  - Rate limiting: ENABLED (nginx)
  - Failed attempt tracking: ENABLED
  - Max failed attempts: 10
  - Block duration: 15 minutes
2026-01-28 23:30:30 | INFO     | app.tasks.scheduler:stop_scheduler:176 - Task scheduler stopped successfully
2026-01-28 23:30:30 | INFO     | app.tasks.scheduler:stop_scheduler:176 - Task scheduler stopped successfully
2026-01-28 23:30:30 | INFO     | app.dependencies:close_redis:126 - Redis connections closed
2026-01-28 23:30:30 | INFO     | app.dependencies:close_redis:126 - Redis connections closed
2026-01-28 23:31:04 | INFO     | app.dependencies:get_redis_client:47 - Redis client initialized successfully
2026-01-28 23:31:04 | INFO     | app.dependencies:get_redis_client:47 - Redis client initialized successfully
2026-01-28 23:31:04 | INFO     | app.dependencies:init_redis:102 - Redis connection initialized
2026-01-28 23:31:04 | INFO     | app.dependencies:init_redis:102 - Redis connection initialized
2026-01-28 23:31:08 | INFO     | app.tasks.scheduler:schedule_recurring_tasks:105 - Scheduled task: daily_aggregation (1:00 AM UTC daily)
2026-01-28 23:31:08 | INFO     | app.tasks.scheduler:schedule_recurring_tasks:105 - Scheduled task: daily_aggregation (1:00 AM UTC daily)
2026-01-28 23:31:08 | INFO     | app.tasks.scheduler:schedule_recurring_tasks:116 - Scheduled task: weekly_reports (0 9 * * MON)
2026-01-28 23:31:08 | INFO     | app.tasks.scheduler:schedule_recurring_tasks:116 - Scheduled task: weekly_reports (0 9 * * MON)
2026-01-28 23:31:09 | SUCCESS  | app.tasks.scheduler:start_scheduler:145 - Task scheduler started successfully
2026-01-28 23:31:09 | SUCCESS  | app.tasks.scheduler:start_scheduler:145 - Task scheduler started successfully
2026-01-28 23:31:09 | INFO     | app.tasks.scheduler:start_scheduler:146 - Scheduled jobs: 2
2026-01-28 23:31:09 | INFO     | app.tasks.scheduler:start_scheduler:146 - Scheduled jobs: 2
2026-01-28 23:31:09 | INFO     | app.tasks.scheduler:start_scheduler:150 -   - Daily Analytics Aggregation (ID: daily_aggregation)
2026-01-28 23:31:09 | INFO     | app.tasks.scheduler:start_scheduler:150 -   - Daily Analytics Aggregation (ID: daily_aggregation)
2026-01-28 23:31:09 | INFO     | app.tasks.scheduler:start_scheduler:150 -   - Weekly Group Reports (ID: weekly_reports)
2026-01-28 23:31:09 | INFO     | app.tasks.scheduler:start_scheduler:150 -   - Weekly Group Reports (ID: weekly_reports)
2026-01-28 23:31:09 | INFO     | main:lifespan:94 - Security Configuration:
  - Webhook validation: ENABLED
  - HTTPS enforcement: DISABLED (dev)
  - Rate limiting: ENABLED (nginx)
  - Failed attempt tracking: ENABLED
  - Max failed attempts: 10
  - Block duration: 15 minutes
2026-01-28 23:31:09 | INFO     | main:lifespan:94 - Security Configuration:
  - Webhook validation: ENABLED
  - HTTPS enforcement: DISABLED (dev)
  - Rate limiting: ENABLED (nginx)
  - Failed attempt tracking: ENABLED
  - Max failed attempts: 10
  - Block duration: 15 minutes
2026-01-28 23:31:54 | INFO     | app.tasks.scheduler:stop_scheduler:176 - Task scheduler stopped successfully
2026-01-28 23:31:54 | INFO     | app.tasks.scheduler:stop_scheduler:176 - Task scheduler stopped successfully
2026-01-28 23:31:54 | INFO     | app.dependencies:close_redis:126 - Redis connections closed
2026-01-28 23:31:54 | INFO     | app.dependencies:close_redis:126 - Redis connections closed
2026-01-28 23:32:05 | INFO     | app.dependencies:get_redis_client:47 - Redis client initialized successfully
2026-01-28 23:32:05 | INFO     | app.dependencies:get_redis_client:47 - Redis client initialized successfully
2026-01-28 23:32:05 | INFO     | app.dependencies:init_redis:102 - Redis connection initialized
2026-01-28 23:32:05 | INFO     | app.dependencies:init_redis:102 - Redis connection initialized
2026-01-28 23:32:06 | INFO     | app.tasks.scheduler:schedule_recurring_tasks:105 - Scheduled task: daily_aggregation (1:00 AM UTC daily)
2026-01-28 23:32:06 | INFO     | app.tasks.scheduler:schedule_recurring_tasks:105 - Scheduled task: daily_aggregation (1:00 AM UTC daily)
2026-01-28 23:32:06 | INFO     | app.tasks.scheduler:schedule_recurring_tasks:116 - Scheduled task: weekly_reports (0 9 * * MON)
2026-01-28 23:32:06 | INFO     | app.tasks.scheduler:schedule_recurring_tasks:116 - Scheduled task: weekly_reports (0 9 * * MON)
2026-01-28 23:32:06 | SUCCESS  | app.tasks.scheduler:start_scheduler:145 - Task scheduler started successfully
2026-01-28 23:32:06 | SUCCESS  | app.tasks.scheduler:start_scheduler:145 - Task scheduler started successfully
2026-01-28 23:32:06 | INFO     | app.tasks.scheduler:start_scheduler:146 - Scheduled jobs: 2
2026-01-28 23:32:06 | INFO     | app.tasks.scheduler:start_scheduler:146 - Scheduled jobs: 2
2026-01-28 23:32:06 | INFO     | app.tasks.scheduler:start_scheduler:150 -   - Daily Analytics Aggregation (ID: daily_aggregation)
2026-01-28 23:32:06 | INFO     | app.tasks.scheduler:start_scheduler:150 -   - Daily Analytics Aggregation (ID: daily_aggregation)
2026-01-28 23:32:06 | INFO     | app.tasks.scheduler:start_scheduler:150 -   - Weekly Group Reports (ID: weekly_reports)
2026-01-28 23:32:06 | INFO     | app.tasks.scheduler:start_scheduler:150 -   - Weekly Group Reports (ID: weekly_reports)
2026-01-28 23:32:06 | INFO     | main:lifespan:94 - Security Configuration:
  - Webhook validation: ENABLED
  - HTTPS enforcement: DISABLED (dev)
  - Rate limiting: ENABLED (nginx)
  - Failed attempt tracking: ENABLED
  - Max failed attempts: 10
  - Block duration: 15 minutes
2026-01-28 23:32:06 | INFO     | main:lifespan:94 - Security Configuration:
  - Webhook validation: ENABLED
  - HTTPS enforcement: DISABLED (dev)
  - Rate limiting: ENABLED (nginx)
  - Failed attempt tracking: ENABLED
  - Max failed attempts: 10
  - Block duration: 15 minutes
2026-01-28 23:32:33 | INFO     | app.tasks.scheduler:stop_scheduler:176 - Task scheduler stopped successfully
2026-01-28 23:32:33 | INFO     | app.tasks.scheduler:stop_scheduler:176 - Task scheduler stopped successfully
2026-01-28 23:32:33 | INFO     | app.dependencies:close_redis:126 - Redis connections closed
2026-01-28 23:32:33 | INFO     | app.dependencies:close_redis:126 - Redis connections closed
2026-01-28 23:33:00 | INFO     | app.dependencies:get_redis_client:47 - Redis client initialized successfully
2026-01-28 23:33:00 | INFO     | app.dependencies:get_redis_client:47 - Redis client initialized successfully
2026-01-28 23:33:00 | INFO     | app.dependencies:init_redis:102 - Redis connection initialized
2026-01-28 23:33:00 | INFO     | app.dependencies:init_redis:102 - Redis connection initialized
2026-01-28 23:33:00 | INFO     | app.tasks.scheduler:schedule_recurring_tasks:105 - Scheduled task: daily_aggregation (1:00 AM UTC daily)
2026-01-28 23:33:00 | INFO     | app.tasks.scheduler:schedule_recurring_tasks:105 - Scheduled task: daily_aggregation (1:00 AM UTC daily)
2026-01-28 23:33:00 | INFO     | app.tasks.scheduler:schedule_recurring_tasks:116 - Scheduled task: weekly_reports (0 9 * * MON)
2026-01-28 23:33:00 | INFO     | app.tasks.scheduler:schedule_recurring_tasks:116 - Scheduled task: weekly_reports (0 9 * * MON)
2026-01-28 23:33:00 | SUCCESS  | app.tasks.scheduler:start_scheduler:145 - Task scheduler started successfully
2026-01-28 23:33:00 | SUCCESS  | app.tasks.scheduler:start_scheduler:145 - Task scheduler started successfully
2026-01-28 23:33:00 | INFO     | app.tasks.scheduler:start_scheduler:146 - Scheduled jobs: 2
2026-01-28 23:33:00 | INFO     | app.tasks.scheduler:start_scheduler:146 - Scheduled jobs: 2
2026-01-28 23:33:00 | INFO     | app.tasks.scheduler:start_scheduler:150 -   - Daily Analytics Aggregation (ID: daily_aggregation)
2026-01-28 23:33:00 | INFO     | app.tasks.scheduler:start_scheduler:150 -   - Daily Analytics Aggregation (ID: daily_aggregation)
2026-01-28 23:33:00 | INFO     | app.tasks.scheduler:start_scheduler:150 -   - Weekly Group Reports (ID: weekly_reports)
2026-01-28 23:33:00 | INFO     | app.tasks.scheduler:start_scheduler:150 -   - Weekly Group Reports (ID: weekly_reports)
2026-01-28 23:33:00 | INFO     | main:lifespan:94 - Security Configuration:
  - Webhook validation: ENABLED
  - HTTPS enforcement: DISABLED (dev)
  - Rate limiting: ENABLED (nginx)
  - Failed attempt tracking: ENABLED
  - Max failed attempts: 10
  - Block duration: 15 minutes
2026-01-28 23:33:00 | INFO     | main:lifespan:94 - Security Configuration:
  - Webhook validation: ENABLED
  - HTTPS enforcement: DISABLED (dev)
  - Rate limiting: ENABLED (nginx)
  - Failed attempt tracking: ENABLED
  - Max failed attempts: 10
  - Block duration: 15 minutes
2026-01-28 23:38:13 | INFO     | app.tasks.scheduler:stop_scheduler:176 - Task scheduler stopped successfully
2026-01-28 23:38:13 | INFO     | app.tasks.scheduler:stop_scheduler:176 - Task scheduler stopped successfully
2026-01-28 23:38:13 | INFO     | app.dependencies:close_redis:126 - Redis connections closed
2026-01-28 23:38:13 | INFO     | app.dependencies:close_redis:126 - Redis connections closed
2026-01-28 23:38:39 | INFO     | app.dependencies:get_redis_client:47 - Redis client initialized successfully
2026-01-28 23:38:39 | INFO     | app.dependencies:get_redis_client:47 - Redis client initialized successfully
2026-01-28 23:38:39 | INFO     | app.dependencies:init_redis:102 - Redis connection initialized
2026-01-28 23:38:39 | INFO     | app.dependencies:init_redis:102 - Redis connection initialized
2026-01-28 23:38:40 | INFO     | app.tasks.scheduler:schedule_recurring_tasks:105 - Scheduled task: daily_aggregation (1:00 AM UTC daily)
2026-01-28 23:38:40 | INFO     | app.tasks.scheduler:schedule_recurring_tasks:105 - Scheduled task: daily_aggregation (1:00 AM UTC daily)
2026-01-28 23:38:40 | INFO     | app.tasks.scheduler:schedule_recurring_tasks:116 - Scheduled task: weekly_reports (0 9 * * MON)
2026-01-28 23:38:40 | INFO     | app.tasks.scheduler:schedule_recurring_tasks:116 - Scheduled task: weekly_reports (0 9 * * MON)
2026-01-28 23:38:40 | SUCCESS  | app.tasks.scheduler:start_scheduler:145 - Task scheduler started successfully
2026-01-28 23:38:40 | SUCCESS  | app.tasks.scheduler:start_scheduler:145 - Task scheduler started successfully
2026-01-28 23:38:40 | INFO     | app.tasks.scheduler:start_scheduler:146 - Scheduled jobs: 2
2026-01-28 23:38:40 | INFO     | app.tasks.scheduler:start_scheduler:146 - Scheduled jobs: 2
2026-01-28 23:38:40 | INFO     | app.tasks.scheduler:start_scheduler:150 -   - Daily Analytics Aggregation (ID: daily_aggregation)
2026-01-28 23:38:40 | INFO     | app.tasks.scheduler:start_scheduler:150 -   - Daily Analytics Aggregation (ID: daily_aggregation)
2026-01-28 23:38:40 | INFO     | app.tasks.scheduler:start_scheduler:150 -   - Weekly Group Reports (ID: weekly_reports)
2026-01-28 23:38:40 | INFO     | app.tasks.scheduler:start_scheduler:150 -   - Weekly Group Reports (ID: weekly_reports)
2026-01-28 23:38:40 | INFO     | main:lifespan:94 - Security Configuration:
  - Webhook validation: ENABLED
  - HTTPS enforcement: DISABLED (dev)
  - Rate limiting: ENABLED (nginx)
  - Failed attempt tracking: ENABLED
  - Max failed attempts: 10
  - Block duration: 15 minutes
2026-01-28 23:38:40 | INFO     | main:lifespan:94 - Security Configuration:
  - Webhook validation: ENABLED
  - HTTPS enforcement: DISABLED (dev)
  - Rate limiting: ENABLED (nginx)
  - Failed attempt tracking: ENABLED
  - Max failed attempts: 10
  - Block duration: 15 minutes
2026-01-28 23:39:16 | DEBUG    | app.middleware.webhook_security:dispatch:98 - Valid webhook request: 91.108.5.71, path: /api/v1/webhook/telegram, method: POST
2026-01-28 23:39:16 | DEBUG    | app.middleware.webhook_security:dispatch:98 - Valid webhook request: 91.108.5.71, path: /api/v1/webhook/telegram, method: POST
2026-01-28 23:39:16 | DEBUG    | app.api.routes.webhook:telegram_webhook:277 - Valid Telegram webhook: IP=91.108.5.71, update_id=815109214, rate_limit=1/30
2026-01-28 23:39:16 | DEBUG    | app.api.routes.webhook:telegram_webhook:277 - Valid Telegram webhook: IP=91.108.5.71, update_id=815109214, rate_limit=1/30
2026-01-28 23:41:27 | INFO     | app.tasks.scheduler:stop_scheduler:176 - Task scheduler stopped successfully
2026-01-28 23:41:27 | INFO     | app.tasks.scheduler:stop_scheduler:176 - Task scheduler stopped successfully
2026-01-28 23:41:27 | INFO     | app.dependencies:close_redis:126 - Redis connections closed
2026-01-28 23:41:27 | INFO     | app.dependencies:close_redis:126 - Redis connections closed
2026-01-28 23:41:55 | INFO     | app.dependencies:get_redis_client:47 - Redis client initialized successfully
2026-01-28 23:41:55 | INFO     | app.dependencies:get_redis_client:47 - Redis client initialized successfully
2026-01-28 23:41:55 | INFO     | app.dependencies:init_redis:102 - Redis connection initialized
2026-01-28 23:41:55 | INFO     | app.dependencies:init_redis:102 - Redis connection initialized
2026-01-28 23:41:56 | INFO     | app.tasks.scheduler:schedule_recurring_tasks:105 - Scheduled task: daily_aggregation (1:00 AM UTC daily)
2026-01-28 23:41:56 | INFO     | app.tasks.scheduler:schedule_recurring_tasks:105 - Scheduled task: daily_aggregation (1:00 AM UTC daily)
2026-01-28 23:41:56 | INFO     | app.tasks.scheduler:schedule_recurring_tasks:116 - Scheduled task: weekly_reports (0 9 * * MON)
2026-01-28 23:41:56 | INFO     | app.tasks.scheduler:schedule_recurring_tasks:116 - Scheduled task: weekly_reports (0 9 * * MON)
2026-01-28 23:41:56 | SUCCESS  | app.tasks.scheduler:start_scheduler:145 - Task scheduler started successfully
2026-01-28 23:41:56 | SUCCESS  | app.tasks.scheduler:start_scheduler:145 - Task scheduler started successfully
2026-01-28 23:41:56 | INFO     | app.tasks.scheduler:start_scheduler:146 - Scheduled jobs: 2
2026-01-28 23:41:56 | INFO     | app.tasks.scheduler:start_scheduler:146 - Scheduled jobs: 2
2026-01-28 23:41:56 | INFO     | app.tasks.scheduler:start_scheduler:150 -   - Daily Analytics Aggregation (ID: daily_aggregation)
2026-01-28 23:41:56 | INFO     | app.tasks.scheduler:start_scheduler:150 -   - Daily Analytics Aggregation (ID: daily_aggregation)
2026-01-28 23:41:56 | INFO     | app.tasks.scheduler:start_scheduler:150 -   - Weekly Group Reports (ID: weekly_reports)
2026-01-28 23:41:56 | INFO     | app.tasks.scheduler:start_scheduler:150 -   - Weekly Group Reports (ID: weekly_reports)
2026-01-28 23:41:56 | INFO     | main:lifespan:94 - Security Configuration:
  - Webhook validation: ENABLED
  - HTTPS enforcement: DISABLED (dev)
  - Rate limiting: ENABLED (nginx)
  - Failed attempt tracking: ENABLED
  - Max failed attempts: 10
  - Block duration: 15 minutes
2026-01-28 23:41:56 | INFO     | main:lifespan:94 - Security Configuration:
  - Webhook validation: ENABLED
  - HTTPS enforcement: DISABLED (dev)
  - Rate limiting: ENABLED (nginx)
  - Failed attempt tracking: ENABLED
  - Max failed attempts: 10
  - Block duration: 15 minutes
2026-01-28 23:42:13 | DEBUG    | app.middleware.webhook_security:dispatch:98 - Valid webhook request: 91.108.5.71, path: /api/v1/webhook/telegram, method: POST
2026-01-28 23:42:13 | DEBUG    | app.middleware.webhook_security:dispatch:98 - Valid webhook request: 91.108.5.71, path: /api/v1/webhook/telegram, method: POST
2026-01-28 23:42:13 | DEBUG    | app.api.routes.webhook:telegram_webhook:277 - Valid Telegram webhook: IP=91.108.5.71, update_id=815109215, rate_limit=1/30
2026-01-28 23:42:13 | DEBUG    | app.api.routes.webhook:telegram_webhook:277 - Valid Telegram webhook: IP=91.108.5.71, update_id=815109215, rate_limit=1/30
2026-01-28 23:42:52 | DEBUG    | app.middleware.webhook_security:dispatch:98 - Valid webhook request: 91.108.5.71, path: /api/v1/webhook/telegram, method: POST
2026-01-28 23:42:52 | DEBUG    | app.middleware.webhook_security:dispatch:98 - Valid webhook request: 91.108.5.71, path: /api/v1/webhook/telegram, method: POST
2026-01-28 23:42:52 | DEBUG    | app.api.routes.webhook:telegram_webhook:277 - Valid Telegram webhook: IP=91.108.5.71, update_id=815109216, rate_limit=2/30
2026-01-28 23:42:52 | DEBUG    | app.api.routes.webhook:telegram_webhook:277 - Valid Telegram webhook: IP=91.108.5.71, update_id=815109216, rate_limit=2/30
2026-01-28 23:45:04 | INFO     | app.tasks.scheduler:stop_scheduler:176 - Task scheduler stopped successfully
2026-01-28 23:45:04 | INFO     | app.tasks.scheduler:stop_scheduler:176 - Task scheduler stopped successfully
2026-01-28 23:45:04 | INFO     | app.dependencies:close_redis:126 - Redis connections closed
2026-01-28 23:45:04 | INFO     | app.dependencies:close_redis:126 - Redis connections closed
2026-01-28 23:53:43 | INFO     | app.dependencies:get_redis_client:47 - Redis client initialized successfully
2026-01-28 23:53:43 | INFO     | app.dependencies:get_redis_client:47 - Redis client initialized successfully
2026-01-28 23:53:43 | INFO     | app.dependencies:init_redis:102 - Redis connection initialized
2026-01-28 23:53:43 | INFO     | app.dependencies:init_redis:102 - Redis connection initialized
2026-01-28 23:53:44 | INFO     | app.tasks.scheduler:schedule_recurring_tasks:105 - Scheduled task: daily_aggregation (1:00 AM UTC daily)
2026-01-28 23:53:44 | INFO     | app.tasks.scheduler:schedule_recurring_tasks:105 - Scheduled task: daily_aggregation (1:00 AM UTC daily)
2026-01-28 23:53:44 | INFO     | app.tasks.scheduler:schedule_recurring_tasks:116 - Scheduled task: weekly_reports (0 9 * * MON)
2026-01-28 23:53:44 | INFO     | app.tasks.scheduler:schedule_recurring_tasks:116 - Scheduled task: weekly_reports (0 9 * * MON)
2026-01-28 23:53:44 | SUCCESS  | app.tasks.scheduler:start_scheduler:145 - Task scheduler started successfully
2026-01-28 23:53:44 | SUCCESS  | app.tasks.scheduler:start_scheduler:145 - Task scheduler started successfully
2026-01-28 23:53:44 | INFO     | app.tasks.scheduler:start_scheduler:146 - Scheduled jobs: 2
2026-01-28 23:53:44 | INFO     | app.tasks.scheduler:start_scheduler:146 - Scheduled jobs: 2
2026-01-28 23:53:44 | INFO     | app.tasks.scheduler:start_scheduler:150 -   - Daily Analytics Aggregation (ID: daily_aggregation)
2026-01-28 23:53:44 | INFO     | app.tasks.scheduler:start_scheduler:150 -   - Daily Analytics Aggregation (ID: daily_aggregation)
2026-01-28 23:53:44 | INFO     | app.tasks.scheduler:start_scheduler:150 -   - Weekly Group Reports (ID: weekly_reports)
2026-01-28 23:53:44 | INFO     | app.tasks.scheduler:start_scheduler:150 -   - Weekly Group Reports (ID: weekly_reports)
2026-01-28 23:53:44 | INFO     | main:lifespan:94 - Security Configuration:
  - Webhook validation: ENABLED
  - HTTPS enforcement: DISABLED (dev)
  - Rate limiting: ENABLED (nginx)
  - Failed attempt tracking: ENABLED
  - Max failed attempts: 10
  - Block duration: 15 minutes
2026-01-28 23:53:44 | INFO     | main:lifespan:94 - Security Configuration:
  - Webhook validation: ENABLED
  - HTTPS enforcement: DISABLED (dev)
  - Rate limiting: ENABLED (nginx)
  - Failed attempt tracking: ENABLED
  - Max failed attempts: 10
  - Block duration: 15 minutes
2026-01-28 23:54:15 | DEBUG    | app.middleware.webhook_security:dispatch:98 - Valid webhook request: 91.108.5.71, path: /api/v1/webhook/telegram, method: POST
2026-01-28 23:54:15 | DEBUG    | app.middleware.webhook_security:dispatch:98 - Valid webhook request: 91.108.5.71, path: /api/v1/webhook/telegram, method: POST
2026-01-28 23:54:15 | DEBUG    | app.api.routes.webhook:telegram_webhook:277 - Valid Telegram webhook: IP=91.108.5.71, update_id=815109217, rate_limit=1/30
2026-01-28 23:54:15 | DEBUG    | app.api.routes.webhook:telegram_webhook:277 - Valid Telegram webhook: IP=91.108.5.71, update_id=815109217, rate_limit=1/30
